
[2025-02-03 11:56:30,070] INFO Сохранены данные по 5 фотографиям из profile.
[2025-02-03 11:56:30,071] INFO Найдены фотографии по самому наибольшему размеру.
[2025-02-03 11:56:41,624] INFO HTTP код 201
[2025-02-03 11:56:43,861] INFO Фотографии перенесены из ВК на ЯД
[2025-02-05 19:34:14,429] INFO Сохранены данные по 5 фотографиям из profile.
[2025-02-05 19:37:48,977] INFO Сохранены данные по 5 фотографиям из profile.
[2025-02-05 19:48:06,184] INFO Сохранены данные по 5 фотографиям из profile.
[2025-02-05 19:48:06,186] INFO Найдены фотографии по самому наибольшему размеру.
[2025-02-05 19:48:06,640] INFO HTTP код 201
[2025-02-05 19:49:11,980] INFO Фотографии перенесены из ВК на ЯД и перезаписан json-файл
[2025-02-05 19:50:27,435] INFO Сохранены данные по 10 фотографиям из profile.
[2025-02-05 19:50:27,436] INFO Найдены фотографии по самому наибольшему размеру.
[2025-02-05 19:50:28,156] INFO HTTP код 201
[2025-02-05 19:50:32,959] INFO Фотографии перенесены из ВК на ЯД и перезаписан json-файл
[2025-02-05 19:52:13,927] INFO Сохранены данные по 5 фотографиям из profile.
[2025-02-05 19:52:13,927] INFO Найдены фотографии по самому наибольшему размеру.
[2025-02-05 19:52:14,575] INFO HTTP код 201
[2025-02-05 19:52:17,262] INFO Фотографии перенесены из ВК на ЯД и перезаписан json-файл
[2025-02-05 20:00:15,281] INFO Сохранены данные по 5 фотографиям из profile.
[2025-02-05 20:00:15,281] INFO Найдены фотографии по самому наибольшему размеру.
[2025-02-05 20:00:15,836] INFO HTTP код 201
[2025-02-05 20:00:19,004] INFO Фотографии перенесены из ВК на ЯД и перезаписан json-файл
